This is pdfTeXk, Version 3.14159-1.10b (Web2C 7.4.5) (format=pdflatex 2005.6.9)  30 OCT 2005 15:29
 %&-line parsing enabled.
**Report.tex
(./Report.tex{/usr/share/texmf/pdftex/config/pdftex.cfg}
LaTeX2e <2001/06/01>
Babel <v3.7h> and hyphenation patterns for american, french, german, ngerman, d
utch, nohyphenation, loaded.
(/usr/share/texmf/tex/latex/base/report.cls
Document Class: report 2001/04/21 v1.4e Standard LaTeX document class
(/usr/share/texmf/tex/latex/base/size10.clo
File: size10.clo 2001/04/21 v1.4e Standard LaTeX file (size option)
)
\c@part=\count79
\c@chapter=\count80
\c@section=\count81
\c@subsection=\count82
\c@subsubsection=\count83
\c@paragraph=\count84
\c@subparagraph=\count85
\c@figure=\count86
\c@table=\count87
\abovecaptionskip=\skip41
\belowcaptionskip=\skip42
\bibindent=\dimen102
) (./Report.aux)
\openout1 = `Report.aux'.

LaTeX Font Info:    Checking defaults for OML/cmm/m/it on input line 9.
LaTeX Font Info:    ... okay on input line 9.
LaTeX Font Info:    Checking defaults for T1/cmr/m/n on input line 9.
LaTeX Font Info:    ... okay on input line 9.
LaTeX Font Info:    Checking defaults for OT1/cmr/m/n on input line 9.
LaTeX Font Info:    ... okay on input line 9.
LaTeX Font Info:    Checking defaults for OMS/cmsy/m/n on input line 9.
LaTeX Font Info:    ... okay on input line 9.
LaTeX Font Info:    Checking defaults for OMX/cmex/m/n on input line 9.
LaTeX Font Info:    ... okay on input line 9.
LaTeX Font Info:    Checking defaults for U/cmr/m/n on input line 9.
LaTeX Font Info:    ... okay on input line 9.
LaTeX Font Info:    External font `cmex10' loaded for size
(Font)              <12> on input line 10.
LaTeX Font Info:    External font `cmex10' loaded for size
(Font)              <8> on input line 10.
LaTeX Font Info:    External font `cmex10' loaded for size
(Font)              <6> on input line 10.
 [1

{/usr/share/texmf/dvips/config/pdftex.map}] [1]
LaTeX Font Info:    External font `cmex10' loaded for size
(Font)              <7> on input line 18.
LaTeX Font Info:    External font `cmex10' loaded for size
(Font)              <5> on input line 18.

Underfull \hbox (badness 10000) in paragraph at lines 16--22

 []


Underfull \hbox (badness 10000) in paragraph at lines 23--32

 []


Underfull \hbox (badness 10000) in paragraph at lines 33--40

 []


Underfull \hbox (badness 10000) in paragraph at lines 41--46

 []


Underfull \hbox (badness 10000) in paragraph at lines 47--52

 []


Underfull \hbox (badness 10000) in paragraph at lines 53--58

 []

[1]
Underfull \hbox (badness 10000) in paragraph at lines 59--64

 []


Underfull \hbox (badness 10000) in paragraph at lines 65--71

 []


Underfull \hbox (badness 10000) in paragraph at lines 72--77

 []


Underfull \hbox (badness 10000) in paragraph at lines 78--83

 []


Underfull \hbox (badness 10000) in paragraph at lines 84--89

 []


Underfull \hbox (badness 10000) in paragraph at lines 90--95

 []


Underfull \hbox (badness 10000) in paragraph at lines 96--102

 []


Underfull \hbox (badness 10000) in paragraph at lines 103--108

 []

[2] [3] (./Report.aux) ) 
Here is how much of TeX's memory you used:
 246 strings out of 50392
 2517 string characters out of 689556
 48059 words of memory out of 1501416
 3321 multiletter control sequences out of 10000+25000
 6983 words of font info for 25 fonts, out of 400000 for 1000
 54 hyphenation exceptions out of 10000
 23i,6n,19p,539b,203s stack positions out of 3000i,500n,3000p,65000b,5000s
 31 PDF objects out of 65536
 0 named destinations out of 20000
 0 words of extra memory for PDF output out of 65536
{/usr/share/texmf/dvips/tetex/aae443f0.enc}</usr/share/
texmf/fonts/type1/bluesky/cm/cmmi10.pfb>{/usr/share/texmf/dvips/tetex/f7b6d320.
enc}</usr/share/texmf/fonts/type1/bluesky/cm/cmr10.pfb></usr/share/texmf/fonts/
type1/bluesky/cm/cmbx10.pfb></usr/share/texmf/fonts/type1/bluesky/cm/cmr12.pfb>
</usr/share/texmf/fonts/type1/bluesky/cm/cmr17.pfb>
Output written on Report.pdf (5 pages, 41677 bytes).
